2025-02-16 14:21:13,228 - INFO - Successfully connected to MongoDB
2025-02-16 14:21:15,840 - INFO - Successfully stored article: Wherever PK Goes, ‘OG’ Follows!
2025-02-16 14:21:16,726 - INFO - Successfully stored article: Producer Krishnaveni Who Introduced NTR, Passes Away at 102!
2025-02-16 14:21:17,631 - INFO - Successfully stored article: Balayya’s Blast At Euphoria Musical Night
2025-02-16 14:21:18,355 - INFO - Successfully stored article: Unnecessary Clash Averted; Chhaava & Pushpa2 Benefited!
2025-02-16 14:21:19,197 - INFO - Successfully stored article: A Good Chance For Vishwak Sen To Put His Career Back on Track
2025-02-16 14:21:20,077 - INFO - Successfully stored article: Sreeleela Ups Glamour Dose For Bollywood Debut
2025-02-16 14:21:20,953 - INFO - Successfully stored article: ‘Orange’ Is A Missed Opportunity In Theatres During It’s First Release?
2025-02-16 14:21:21,799 - INFO - Successfully stored article: Mega Hero In Megastar’s Vishwambhara!
2025-02-16 14:21:22,950 - INFO - Successfully stored article: Re-Release Blockbuster Triggers ‘Sequel’ Controversy!
2025-02-16 14:21:24,011 - INFO - Successfully stored article: Malayalam Film Industry Is Likely To Shutdown From 01st June 2025?
2025-02-16 14:21:25,118 - INFO - Successfully stored article: Ileana’s Pregnancy Story Goes Viral
2025-02-16 14:21:33,818 - INFO - Successfully connected to MongoDB
2025-02-16 14:22:01,003 - INFO - Successfully connected to MongoDB
2025-02-16 14:22:28,184 - INFO - Successfully connected to MongoDB
2025-02-16 14:22:55,327 - INFO - Successfully connected to MongoDB
2025-02-16 14:23:22,574 - INFO - Successfully connected to MongoDB
2025-02-16 14:23:49,437 - INFO - Successfully connected to MongoDB
2025-02-16 14:24:16,263 - INFO - Successfully connected to MongoDB
2025-02-16 14:24:43,139 - INFO - Successfully connected to MongoDB
2025-02-16 14:25:09,945 - INFO - Successfully connected to MongoDB
2025-02-16 14:25:37,052 - INFO - Successfully connected to MongoDB
2025-02-16 14:26:03,889 - INFO - Successfully connected to MongoDB
2025-02-16 14:26:30,573 - INFO - Successfully connected to MongoDB
2025-02-16 14:26:57,414 - INFO - Successfully connected to MongoDB
2025-02-16 14:27:24,166 - INFO - Successfully connected to MongoDB
2025-02-16 14:27:51,021 - INFO - Successfully connected to MongoDB
2025-02-16 14:28:17,920 - INFO - Successfully connected to MongoDB
2025-02-16 14:28:44,887 - INFO - Successfully connected to MongoDB
2025-02-16 14:29:11,706 - INFO - Successfully connected to MongoDB
2025-02-16 14:29:38,403 - INFO - Successfully connected to MongoDB
2025-02-16 14:30:05,343 - INFO - Successfully connected to MongoDB
2025-02-16 14:30:32,266 - INFO - Successfully connected to MongoDB
2025-02-16 14:30:59,076 - INFO - Successfully connected to MongoDB
