2025-02-16 14:21:13,229 - INFO - Starting scraping from https://www.gulte.com/movienews
2025-02-16 14:21:14,792 - INFO - Found 12 articles to process
2025-02-16 14:21:15,840 - INFO - Processed article: Wherever PK Goes, ‘OG’ Follows!
2025-02-16 14:21:16,726 - INFO - Processed article: Producer Krishnaveni Who Introduced NTR, Passes Away at 102!
2025-02-16 14:21:17,631 - INFO - Processed article: Balayya’s Blast At Euphoria Musical Night
2025-02-16 14:21:18,355 - INFO - Processed article: Unnecessary Clash Averted; Chhaava & Pushpa2 Benefited!
2025-02-16 14:21:19,197 - INFO - Processed article: A Good Chance For Vishwak Sen To Put His Career Back on Track
2025-02-16 14:21:20,138 - INFO - Processed article: Sreeleela Ups Glamour Dose For Bollywood Debut
2025-02-16 14:21:20,953 - INFO - Processed article: ‘Orange’ Is A Missed Opportunity In Theatres During It’s First Release?
2025-02-16 14:21:21,799 - INFO - Processed article: Mega Hero In Megastar’s Vishwambhara!
2025-02-16 14:21:22,950 - INFO - Processed article: Re-Release Blockbuster Triggers ‘Sequel’ Controversy!
2025-02-16 14:21:24,011 - INFO - Processed article: Malayalam Film Industry Is Likely To Shutdown From 01st June 2025?
2025-02-16 14:21:25,118 - INFO - Processed article: Ileana’s Pregnancy Story Goes Viral
2025-02-16 14:21:25,119 - INFO - Scraping completed. Added 11 new articles
2025-02-16 14:21:33,819 - INFO - Starting scraping from https://www.gulte.com/movienews
2025-02-16 14:21:34,748 - INFO - Found 12 articles to process
2025-02-16 14:21:35,333 - INFO - Scraping completed. Added 0 new articles
2025-02-16 14:22:01,004 - INFO - Starting scraping from https://www.gulte.com/movienews
2025-02-16 14:22:02,094 - INFO - Found 12 articles to process
2025-02-16 14:22:02,644 - INFO - Scraping completed. Added 0 new articles
2025-02-16 14:22:28,184 - INFO - Starting scraping from https://www.gulte.com/movienews
2025-02-16 14:22:29,168 - INFO - Found 12 articles to process
2025-02-16 14:22:29,598 - INFO - Scraping completed. Added 0 new articles
2025-02-16 14:22:55,328 - INFO - Starting scraping from https://www.gulte.com/movienews
2025-02-16 14:22:56,279 - INFO - Found 12 articles to process
2025-02-16 14:22:56,879 - INFO - Scraping completed. Added 0 new articles
2025-02-16 14:23:22,575 - INFO - Starting scraping from https://www.gulte.com/movienews
2025-02-16 14:23:23,495 - INFO - Found 12 articles to process
2025-02-16 14:23:24,016 - INFO - Scraping completed. Added 0 new articles
2025-02-16 14:23:49,439 - INFO - Starting scraping from https://www.gulte.com/movienews
2025-02-16 14:23:50,418 - INFO - Found 12 articles to process
2025-02-16 14:23:50,878 - INFO - Scraping completed. Added 0 new articles
2025-02-16 14:24:16,263 - INFO - Starting scraping from https://www.gulte.com/movienews
2025-02-16 14:24:17,257 - INFO - Found 12 articles to process
2025-02-16 14:24:17,722 - INFO - Scraping completed. Added 0 new articles
2025-02-16 14:24:43,140 - INFO - Starting scraping from https://www.gulte.com/movienews
2025-02-16 14:24:44,119 - INFO - Found 12 articles to process
2025-02-16 14:24:44,582 - INFO - Scraping completed. Added 0 new articles
2025-02-16 14:25:09,945 - INFO - Starting scraping from https://www.gulte.com/movienews
2025-02-16 14:25:10,786 - INFO - Found 12 articles to process
2025-02-16 14:25:11,335 - INFO - Scraping completed. Added 0 new articles
2025-02-16 14:25:37,052 - INFO - Starting scraping from https://www.gulte.com/movienews
2025-02-16 14:25:37,938 - INFO - Found 12 articles to process
2025-02-16 14:25:38,565 - INFO - Scraping completed. Added 0 new articles
2025-02-16 14:26:03,890 - INFO - Starting scraping from https://www.gulte.com/movienews
2025-02-16 14:26:04,642 - INFO - Found 12 articles to process
2025-02-16 14:26:05,207 - INFO - Scraping completed. Added 0 new articles
2025-02-16 14:26:30,573 - INFO - Starting scraping from https://www.gulte.com/movienews
2025-02-16 14:26:31,412 - INFO - Found 12 articles to process
2025-02-16 14:26:31,879 - INFO - Scraping completed. Added 0 new articles
2025-02-16 14:26:57,414 - INFO - Starting scraping from https://www.gulte.com/movienews
2025-02-16 14:26:58,210 - INFO - Found 12 articles to process
2025-02-16 14:26:58,616 - INFO - Scraping completed. Added 0 new articles
2025-02-16 14:27:24,167 - INFO - Starting scraping from https://www.gulte.com/movienews
2025-02-16 14:27:25,240 - INFO - Found 12 articles to process
2025-02-16 14:27:25,659 - INFO - Scraping completed. Added 0 new articles
2025-02-16 14:27:51,022 - INFO - Starting scraping from https://www.gulte.com/movienews
2025-02-16 14:27:51,745 - INFO - Found 12 articles to process
2025-02-16 14:27:52,190 - INFO - Scraping completed. Added 0 new articles
2025-02-16 14:28:17,920 - INFO - Starting scraping from https://www.gulte.com/movienews
2025-02-16 14:28:18,896 - INFO - Found 12 articles to process
2025-02-16 14:28:19,351 - INFO - Scraping completed. Added 0 new articles
2025-02-16 14:28:44,887 - INFO - Starting scraping from https://www.gulte.com/movienews
2025-02-16 14:28:45,675 - INFO - Found 12 articles to process
2025-02-16 14:28:46,315 - INFO - Scraping completed. Added 0 new articles
2025-02-16 14:29:11,706 - INFO - Starting scraping from https://www.gulte.com/movienews
2025-02-16 14:29:12,591 - INFO - Found 12 articles to process
2025-02-16 14:29:13,151 - INFO - Scraping completed. Added 0 new articles
2025-02-16 14:29:38,403 - INFO - Starting scraping from https://www.gulte.com/movienews
2025-02-16 14:29:39,210 - INFO - Found 12 articles to process
2025-02-16 14:29:39,762 - INFO - Scraping completed. Added 0 new articles
2025-02-16 14:30:05,344 - INFO - Starting scraping from https://www.gulte.com/movienews
2025-02-16 14:30:06,267 - INFO - Found 12 articles to process
2025-02-16 14:30:06,684 - INFO - Scraping completed. Added 0 new articles
2025-02-16 14:30:32,267 - INFO - Starting scraping from https://www.gulte.com/movienews
2025-02-16 14:30:32,990 - INFO - Found 12 articles to process
2025-02-16 14:30:33,546 - INFO - Scraping completed. Added 0 new articles
2025-02-16 14:30:59,077 - INFO - Starting scraping from https://www.gulte.com/movienews
2025-02-16 14:31:00,053 - INFO - Found 12 articles to process
2025-02-16 14:31:00,468 - INFO - Scraping completed. Added 0 new articles
2025-02-21 18:36:52,102 - INFO - Starting scraping from https://www.gulte.com/movienews
2025-02-21 18:36:53,566 - INFO - Found 12 articles to process
2025-02-21 18:36:54,439 - INFO - Processed article: Kashmira Pardeshi Scorching Drenched in Glam Look!
2025-02-21 18:36:55,087 - INFO - Processed article: OTT – Movies & Web Series – This Week (17th – 23rd Feb)
2025-02-21 18:36:55,848 - INFO - Processed article: HHVM Kollagottinadhiro Promo – Sounds Good!
2025-02-21 18:36:56,480 - INFO - Processed article: Glimpse: Dhandoraa On Caste Feeling
2025-02-21 18:36:57,049 - INFO - Processed article: Prabhas Got Time For His Physique
2025-02-21 18:36:57,625 - INFO - Processed article: Khushi Kapoor’s Classy Schoolgirl Look!
2025-02-21 18:36:58,179 - INFO - Processed article: Shalini Pandey Paints the Town Pink & Stunning!
2025-02-21 18:36:58,723 - INFO - Processed article: Ganesh Acharya’s Next Big Dance Number in Nagabandham
2025-02-21 18:36:59,979 - INFO - Processed article: Ex-Wife Saira Thanks AR Rahman for His Support During Hospitalization
2025-02-21 18:37:00,635 - INFO - Processed article: Nani’s HIT 3 Teaser Loading On Special Day
2025-02-21 18:37:00,635 - INFO - Scraping completed. Added 11 new articles
2025-02-21 18:39:46,525 - INFO - Starting scraping from https://www.gulte.com/movienews
2025-02-21 18:39:47,424 - INFO - Found 12 articles to process
2025-02-21 18:39:48,022 - INFO - Scraping completed. Added 0 new articles
2025-02-21 18:42:54,200 - INFO - Starting scraping from https://www.gulte.com/movienews
2025-02-21 18:42:54,962 - INFO - Found 12 articles to process
2025-02-21 18:42:55,485 - INFO - Scraping completed. Added 0 new articles
2025-02-21 18:43:16,468 - INFO - Starting scraping from https://www.gulte.com/movienews
2025-02-21 18:43:17,043 - INFO - Found 12 articles to process
2025-02-21 18:43:17,630 - INFO - Scraping completed. Added 0 new articles
2025-02-21 22:44:01,080 - INFO - Starting scraping from https://www.gulte.com/movienews
2025-02-21 22:44:02,713 - INFO - Found 12 articles to process
2025-02-21 22:44:04,438 - INFO - Processed article: No Truth In Rumors Linking Mahesh Babu And Chhaava
2025-02-21 22:44:06,068 - INFO - Processed article: Hero Admits Facing ‘Filmmakers’ Pressure’ To Do Intimate Scenes
2025-02-21 22:44:07,450 - INFO - Processed article: Media Reports on Anjanamma Health: Chiranjeevi Clarifies
2025-02-21 22:44:08,677 - INFO - Processed article: Bhairavam Theme Song: Witness Wrath Of Shiva
2025-02-21 22:44:08,871 - INFO - Scraping completed. Added 4 new articles
2025-02-21 23:44:14,693 - INFO - Starting scraping from https://www.gulte.com/movienews
2025-02-21 23:44:15,481 - INFO - Found 12 articles to process
2025-02-21 23:44:15,985 - INFO - Scraping completed. Added 0 new articles
2025-02-22 14:27:07,748 - INFO - Starting scraping from https://www.gulte.com/movienews
2025-02-22 14:27:08,392 - INFO - Found 12 articles to process
2025-02-22 14:27:09,152 - INFO - Processed article: Odela 2 Teaser: Tamannaah’s Shiva Thandavam
2025-02-22 14:27:09,737 - INFO - Processed article: Teja Sajja’s Mirai Pushed To An Ideal Date
2025-02-22 14:27:10,282 - INFO - Processed article: ‘Raja Saab’ Gives Due Importance To ‘Rani Saahiba’
2025-02-22 14:27:10,868 - INFO - Processed article: Sabdham, Unmatched Technically In Recent Times: Nani
2025-02-22 14:27:11,375 - INFO - Processed article: Disha’s Boldest CK Photoshoot Yet!
2025-02-22 14:27:11,998 - INFO - Processed article: The Other Side of ‘Jio Hotstar’: An Unexpected Censor Twist!
2025-02-22 14:27:12,540 - INFO - Processed article: Music Director Defends Heroine In Divorce Rumors
2025-02-22 14:27:13,047 - INFO - Processed article: Nani’s Confidence Raises The Bar For ‘Court’
2025-02-22 14:27:13,124 - INFO - Scraping completed. Added 8 new articles
2025-02-22 14:45:39,077 - INFO - Starting scraping from https://www.gulte.com/movienews
2025-02-22 14:45:39,809 - INFO - Found 12 articles to process
2025-02-22 14:45:40,865 - INFO - Scraping completed. Added 0 new articles
2025-02-22 15:45:39,790 - INFO - Starting scraping from https://www.gulte.com/movienews
2025-02-22 15:45:40,361 - INFO - Found 12 articles to process
2025-02-22 15:45:40,881 - INFO - Scraping completed. Added 0 new articles
2025-02-22 16:45:46,789 - INFO - Starting scraping from https://www.gulte.com/movienews
2025-02-22 16:45:47,332 - INFO - Found 12 articles to process
2025-02-22 16:45:47,797 - INFO - Scraping completed. Added 0 new articles
2025-02-22 16:48:57,183 - INFO - Starting scraping from https://www.gulte.com/movienews
2025-02-22 16:48:57,684 - INFO - Found 12 articles to process
2025-02-22 16:48:58,234 - INFO - Scraping completed. Added 0 new articles
2025-02-22 17:48:57,621 - INFO - Starting scraping from https://www.gulte.com/movienews
2025-02-22 17:48:58,436 - INFO - Found 12 articles to process
2025-02-22 17:48:59,073 - INFO - Scraping completed. Added 0 new articles
2025-02-22 18:49:05,695 - INFO - Starting scraping from https://www.gulte.com/movienews
2025-02-22 18:49:06,805 - INFO - Found 12 articles to process
2025-02-22 18:49:08,411 - INFO - Processed article: Dudh Kasi Calls Us again!
2025-02-22 18:49:08,671 - INFO - Scraping completed. Added 1 new articles
2025-02-22 19:49:14,021 - INFO - Starting scraping from https://www.gulte.com/movienews
2025-02-22 19:49:14,551 - INFO - Found 12 articles to process
2025-02-22 19:49:15,327 - INFO - Processed article: Meenakshi’s Green Saree Glow is Pure Poetry!
2025-02-22 19:49:15,659 - INFO - Scraping completed. Added 1 new articles
2025-02-22 20:16:24,453 - INFO - Starting scraping from https://www.gulte.com/movienews
2025-02-22 20:16:24,996 - INFO - Found 12 articles to process
2025-02-22 20:16:25,523 - INFO - Scraping completed. Added 0 new articles
2025-02-22 20:17:42,587 - INFO - Starting scraping from https://www.gulte.com/movienews
2025-02-22 20:17:43,096 - INFO - Found 12 articles to process
2025-02-22 20:17:43,656 - INFO - Scraping completed. Added 0 new articles
2025-02-22 20:21:09,896 - INFO - Starting scraping from https://www.gulte.com/movienews
2025-02-22 20:21:10,472 - INFO - Found 12 articles to process
2025-02-22 20:21:11,011 - INFO - Scraping completed. Added 0 new articles
2025-02-22 20:22:46,009 - INFO - Starting scraping from https://www.gulte.com/movienews
2025-02-22 20:22:46,550 - INFO - Found 12 articles to process
2025-02-22 20:22:47,115 - INFO - Scraping completed. Added 0 new articles
2025-02-22 20:25:25,727 - INFO - Starting scraping from https://www.gulte.com/movienews
2025-02-22 20:25:26,344 - INFO - Found 12 articles to process
2025-02-22 20:25:26,908 - INFO - Scraping completed. Added 0 new articles
