2025-02-16 14:20:24,590 - INFO: Scheduler started - Running scraper every 20 seconds
2025-02-16 14:20:24,590 - INFO: Starting scraper
2025-02-16 14:20:24,591 - INFO: Started scheduler thread
2025-02-16 14:20:24,591 - INFO: Starting Flask application
2025-02-16 14:20:24,698 - INFO: [31m[1mWARNING: This is a development server. Do not use it in a production deployment. Use a production WSGI server instead.[0m
 * Running on all addresses (0.0.0.0)
 * Running on http://127.0.0.1:5000
 * Running on http://10.0.18.177:5000
2025-02-16 14:20:24,699 - INFO: [33mPress CTRL+C to quit[0m
2025-02-16 14:20:25,010 - ERROR: Scraper failed with error: Python was not found; run without arguments to install from the Microsoft Store, or disable this shortcut from Settings > Manage App Execution Aliases.

2025-02-16 14:20:45,021 - INFO: Starting scraper
2025-02-16 14:20:45,206 - ERROR: Scraper failed with error: Python was not found; run without arguments to install from the Microsoft Store, or disable this shortcut from Settings > Manage App Execution Aliases.

2025-02-16 14:21:08,074 - INFO: Scheduler started - Running scraper every 20 seconds
2025-02-16 14:21:08,074 - INFO: Starting scraper
2025-02-16 14:21:08,074 - INFO: Started scheduler thread
2025-02-16 14:21:08,075 - INFO: Starting Flask application
2025-02-16 14:21:08,101 - INFO: [31m[1mWARNING: This is a development server. Do not use it in a production deployment. Use a production WSGI server instead.[0m
 * Running on all addresses (0.0.0.0)
 * Running on http://127.0.0.1:5000
 * Running on http://10.0.18.177:5000
2025-02-16 14:21:08,101 - INFO: [33mPress CTRL+C to quit[0m
2025-02-16 14:21:25,745 - INFO: Scraper completed successfully
2025-02-16 14:21:28,747 - INFO: Starting scraper
2025-02-16 14:21:35,932 - INFO: Scraper completed successfully
2025-02-16 14:21:55,941 - INFO: Starting scraper
2025-02-16 14:22:03,098 - INFO: Scraper completed successfully
2025-02-16 14:22:23,108 - INFO: Starting scraper
2025-02-16 14:22:30,155 - INFO: Scraper completed successfully
2025-02-16 14:22:33,591 - INFO: 127.0.0.1 - - [16/Feb/2025 14:22:33] "GET /latest-articles HTTP/1.1" 200 -
2025-02-16 14:22:50,166 - INFO: Starting scraper
2025-02-16 14:22:57,433 - INFO: Scraper completed successfully
2025-02-16 14:23:17,443 - INFO: Starting scraper
2025-02-16 14:23:24,477 - INFO: Scraper completed successfully
2025-02-16 14:23:44,492 - INFO: Starting scraper
2025-02-16 14:23:51,344 - INFO: Scraper completed successfully
2025-02-16 14:24:11,357 - INFO: Starting scraper
2025-02-16 14:24:18,218 - INFO: Scraper completed successfully
2025-02-16 14:24:38,229 - INFO: Starting scraper
2025-02-16 14:24:45,031 - INFO: Scraper completed successfully
2025-02-16 14:25:05,044 - INFO: Starting scraper
2025-02-16 14:25:11,890 - INFO: Scraper completed successfully
2025-02-16 14:25:31,900 - INFO: Starting scraper
2025-02-16 14:25:39,170 - INFO: Scraper completed successfully
2025-02-16 14:25:59,180 - INFO: Starting scraper
2025-02-16 14:26:05,765 - INFO: Scraper completed successfully
2025-02-16 14:26:25,776 - INFO: Starting scraper
2025-02-16 14:26:32,461 - INFO: Scraper completed successfully
2025-02-16 14:26:52,474 - INFO: Starting scraper
2025-02-16 14:26:59,204 - INFO: Scraper completed successfully
2025-02-16 14:27:19,217 - INFO: Starting scraper
2025-02-16 14:27:26,198 - INFO: Scraper completed successfully
2025-02-16 14:27:46,211 - INFO: Starting scraper
2025-02-16 14:27:52,781 - INFO: Scraper completed successfully
2025-02-16 14:28:12,801 - INFO: Starting scraper
2025-02-16 14:28:19,855 - INFO: Scraper completed successfully
2025-02-16 14:28:39,866 - INFO: Starting scraper
2025-02-16 14:28:46,799 - INFO: Scraper completed successfully
2025-02-16 14:29:06,809 - INFO: Starting scraper
2025-02-16 14:29:13,566 - INFO: Scraper completed successfully
2025-02-16 14:29:33,578 - INFO: Starting scraper
2025-02-16 14:29:40,347 - INFO: Scraper completed successfully
2025-02-16 14:30:00,383 - INFO: Starting scraper
2025-02-16 14:30:07,276 - INFO: Scraper completed successfully
2025-02-16 14:30:27,292 - INFO: Starting scraper
2025-02-16 14:30:34,115 - INFO: Scraper completed successfully
2025-02-16 14:30:54,124 - INFO: Starting scraper
2025-02-16 14:31:01,023 - INFO: Scraper completed successfully
